Change Component Description : Designator=U7 Old Description=AP7313-10SAG-7 New Description=AP7313-XXSAG-7
Change Component Description : Designator=U8 Old Description=AP7313-33SAG-7 New Description=AP7313-XXSAG-7
Added Pin To Net: NetName=NetR3_2 Pin=U3-1
Added Pin To Net: NetName=NetR3_1 Pin=U3-2
Added Pin To Net: NetName=GND Pin=U3-3
Added Pin To Net: NetName=GND Pin=U3-4
Added Pin To Net: NetName=NetP1_4 Pin=U3-5
Added Pin To Net: NetName=NetU3_VCCB Pin=U3-6
Added Pin To Net: NetName=NetR3_2 Pin=U4-1
Added Pin To Net: NetName=NetU4_A Pin=U4-2
Added Pin To Net: NetName=GND Pin=U4-3
Added Pin To Net: NetName=GND Pin=U4-4
Added Pin To Net: NetName=NetR1_1 Pin=U4-5
Added Pin To Net: NetName=NetU3_VCCB Pin=U4-6
Added Pin To Net: NetName=NetR3_2 Pin=U5-1
Added Pin To Net: NetName=NetU5_A Pin=U5-2
Added Pin To Net: NetName=GND Pin=U5-3
Added Pin To Net: NetName=GND Pin=U5-4
Added Pin To Net: NetName=NetP2_3 Pin=U5-5
Added Pin To Net: NetName=NetU3_VCCB Pin=U5-6
Added Pin To Net: NetName=NetC1_1 Pin=U7-1
Added Pin To Net: NetName=NetC3_2 Pin=U7-2
Added Pin To Net: NetName=GND Pin=U7-3
Added Pin To Net: NetName=NetC1_1 Pin=U8-1
Added Pin To Net: NetName=NetC5_2 Pin=U8-2
Added Pin To Net: NetName=NetC3_2 Pin=U8-3
Change Net Name : Old Net Name=NetU3_VCCB New Net Name=NetU3_6
Change Net Name : Old Net Name=NetU4_A New Net Name=NetU4_2
Change Net Name : Old Net Name=NetU5_A New Net Name=NetU5_2
