Added Component: Designator=C1(RB7.6-15)
Added Component: Designator=C2(RB7.6-15)
Added Component: Designator=C3(RB7.6-15)
Added Component: Designator=C4(RB7.6-15)
Added Component: Designator=C5(RB7.6-15)
Added Component: Designator=C6(RAD-0.3)
Added Component: Designator=D1     3.3V(TO-220AC)
Added Component: Designator=P1(HDR1X6)
Added Component: Designator=P2(HDR1X6)
Added Component: Designator=P3(HDR1X2H)
Added Component: Designator=R1(AXIAL-0.3)
Added Component: Designator=R2(AXIAL-0.3)
Added Component: Designator=R3(AXIAL-0.3)
Added Component: Designator=R4(AXIAL-0.3)
Added Component: Designator=R5(AXIAL-0.3)
Added Component: Designator=R6(AXIAL-0.3)
Added Component: Designator=R7(AXIAL-0.3)
Added Component: Designator=R8(AXIAL-0.3)
Added Component: Designator=R9(AXIAL-0.3)
Added Component: Designator=U1(TXS0206-29)
Added Component: Designator=U3(74LVC1T45)
Added Component: Designator=U4(74LVC1T45)
Added Component: Designator=U5(74LVC1T45)
Added Component: Designator=U6(DF40(3)_70Pin)
Added Component: Designator=U7(LM317LCPK)
Added Component: Designator=U8(LM317LCPK)
Added Pin To Net: NetName=NetC1_1 Pin=C1-1
Added Pin To Net: NetName=NetC2_1 Pin=C2-1
Added Pin To Net: NetName=NetC2_2 Pin=C2-2
Added Pin To Net: NetName=NetC3_1 Pin=C3-1
Added Pin To Net: NetName=NetC2_2 Pin=C3-2
Added Pin To Net: NetName=NetC2_1 Pin=C4-1
Added Pin To Net: NetName=NetC4_2 Pin=C4-2
Added Pin To Net: NetName=NetC5_1 Pin=C5-1
Added Pin To Net: NetName=NetC4_2 Pin=C5-2
Added Pin To Net: NetName=NetD1     3.3V_1 Pin=D1     3.3V-1
Added Pin To Net: NetName=NetP1_4 Pin=P1-4
Added Pin To Net: NetName=NetC1_1 Pin=P1-6
Added Pin To Net: NetName=NetP2_3 Pin=P2-3
Added Pin To Net: NetName=NetD1     3.3V_1 Pin=P2-4
Added Pin To Net: NetName=NetC1_1 Pin=P2-5
Added Pin To Net: NetName=GND Pin=P3-1
Added Pin To Net: NetName=NetC2_1 Pin=P3-2
Added Pin To Net: NetName=NetR1_1 Pin=R1-1
Added Pin To Net: NetName=NetP1_4 Pin=R1-2
Added Pin To Net: NetName=NetC1_1 Pin=R2-1
Added Pin To Net: NetName=NetD1     3.3V_1 Pin=R2-2
Added Pin To Net: NetName=NetR3_1 Pin=R3-1
Added Pin To Net: NetName=NetR3_2 Pin=R3-2
Added Pin To Net: NetName=NetC3_1 Pin=R4-1
Added Pin To Net: NetName=NetR4_2 Pin=R4-2
Added Pin To Net: NetName=NetR4_2 Pin=R5-1
Added Pin To Net: NetName=NetC2_2 Pin=R5-2
Added Pin To Net: NetName=NetC5_1 Pin=R6-1
Added Pin To Net: NetName=NetR6_2 Pin=R6-2
Added Pin To Net: NetName=NetR6_2 Pin=R7-1
Added Pin To Net: NetName=NetC4_2 Pin=R7-2
Added Pin To Net: NetName=NetR3_2 Pin=U3-1
Added Pin To Net: NetName=GND Pin=U3-2
Added Pin To Net: NetName=NetR3_1 Pin=U3-3
Added Pin To Net: NetName=NetP1_4 Pin=U3-4
Added Pin To Net: NetName=GND Pin=U3-5
Added Pin To Net: NetName=NetU3_6 Pin=U3-6
Added Pin To Net: NetName=NetR3_2 Pin=U4-1
Added Pin To Net: NetName=GND Pin=U4-2
Added Pin To Net: NetName=NetU4_3 Pin=U4-3
Added Pin To Net: NetName=NetR1_1 Pin=U4-4
Added Pin To Net: NetName=GND Pin=U4-5
Added Pin To Net: NetName=NetU3_6 Pin=U4-6
Added Pin To Net: NetName=NetR3_2 Pin=U5-1
Added Pin To Net: NetName=GND Pin=U5-2
Added Pin To Net: NetName=NetU5_3 Pin=U5-3
Added Pin To Net: NetName=NetP2_3 Pin=U5-4
Added Pin To Net: NetName=GND Pin=U5-5
Added Pin To Net: NetName=NetU3_6 Pin=U5-6
Added Pin To Net: NetName=NetC3_1 Pin=U6-2
Added Pin To Net: NetName=NetC3_1 Pin=U6-4
Added Pin To Net: NetName=NetC3_1 Pin=U6-6
Added Pin To Net: NetName=NetU3_6 Pin=U6-10
Added Pin To Net: NetName=NetR3_2 Pin=U6-12
Added Pin To Net: NetName=NetR3_1 Pin=U6-35
Added Pin To Net: NetName=NetU5_3 Pin=U6-61
Added Pin To Net: NetName=NetU4_3 Pin=U6-63
Added Pin To Net: NetName=NetR4_2 Pin=U7-1
Added Pin To Net: NetName=NetC3_1 Pin=U7-2
Added Pin To Net: NetName=NetC2_1 Pin=U7-3
Added Pin To Net: NetName=NetR6_2 Pin=U8-1
Added Pin To Net: NetName=NetC5_1 Pin=U8-2
Added Pin To Net: NetName=NetC2_1 Pin=U8-3
Added Member To Class: ClassName=PCB_01 Member=Component C1 Cap Pol1
Added Member To Class: ClassName=PCB_01 Member=Component C2 Cap Pol1
Added Member To Class: ClassName=PCB_01 Member=Component C3 Cap Pol1
Added Member To Class: ClassName=PCB_01 Member=Component C4 Cap Pol1
Added Member To Class: ClassName=PCB_01 Member=Component C5 Cap Pol1
Added Member To Class: ClassName=PCB_01 Member=Component C6 Cap
Added Member To Class: ClassName=PCB_01 Member=Component D1     3.3V 1N5257B
Added Member To Class: ClassName=PCB_01 Member=Component P1 LiDAR
Added Member To Class: ClassName=PCB_01 Member=Component P2 GPS
Added Member To Class: ClassName=PCB_01 Member=Component P3 8V Battery
Added Member To Class: ClassName=PCB_01 Member=Component R1 Res1
Added Member To Class: ClassName=PCB_01 Member=Component R2 Res1
Added Member To Class: ClassName=PCB_01 Member=Component R3 Res1
Added Member To Class: ClassName=PCB_01 Member=Component R4 Res1
Added Member To Class: ClassName=PCB_01 Member=Component R5 Res1
Added Member To Class: ClassName=PCB_01 Member=Component R6 Res1
Added Member To Class: ClassName=PCB_01 Member=Component R7 Res1
Added Member To Class: ClassName=PCB_01 Member=Component R8 Res1
Added Member To Class: ClassName=PCB_01 Member=Component R9 Res1
Added Member To Class: ClassName=PCB_01 Member=Component U1 SD Transceiver
Added Member To Class: ClassName=PCB_01 Member=Component U3 Level Shifter
Added Member To Class: ClassName=PCB_01 Member=Component U4 Level Shifter
Added Member To Class: ClassName=PCB_01 Member=Component U5 Level Shifter
Added Member To Class: ClassName=PCB_01 Member=Component U6 DF40(3)_70Pin
Added Member To Class: ClassName=PCB_01 Member=Component U7 Power Regulator
Added Member To Class: ClassName=PCB_01 Member=Component U8 Power Regulator
Added Room: Name=PCB_01
