Added Component: Designator=C1(RB7.6-15)
Added Component: Designator=C2(RAD-0.3)
Added Component: Designator=C3(RAD-0.3)
Added Component: Designator=C4(RAD-0.3)
Added Component: Designator=C5(RAD-0.3)
Added Component: Designator=D1     3.3V(TO-220AC)
Added Component: Designator=P1(HDR1X6H)
Added Component: Designator=P2(HDR1X6H)
Added Component: Designator=P3(HDR1X2H)
Added Component: Designator=R1(AXIAL-0.3)
Added Component: Designator=R2(AXIAL-0.3)
Added Component: Designator=R3(AXIAL-0.3)
Added Component: Designator=U1(LIDAR-Lite v2)
Added Component: Designator=U2(EM406-a)
Added Component: Designator=U3(74LVC1T45)
Added Component: Designator=U4(74LVC1T45)
Added Component: Designator=U5(74LVC1T45)
Added Component: Designator=U6(DF40(3)_70Pin)
Added Component: Designator=U7(AP7313-XXSAG-7)
Added Component: Designator=U8(AP7313-XXSAG-7)
Added Pin To Net: NetName=GND Pin=C1-2
Added Pin To Net: NetName=GND Pin=C2-1
Added Pin To Net: NetName=GND Pin=C3-1
Added Pin To Net: NetName=GND Pin=C4-1
Added Pin To Net: NetName=GND Pin=C5-1
Added Pin To Net: NetName=GND Pin=D1     3.3V-3
Added Pin To Net: NetName=GND Pin=P1-1
Added Pin To Net: NetName=GND Pin=P2-2
Added Pin To Net: NetName=GND Pin=P2-6
Added Pin To Net: NetName=GND Pin=P3-1
Added Net: Name=GND
Added Pin To Net: NetName=NetC1_1 Pin=C1-1
Added Pin To Net: NetName=NetC1_1 Pin=C2-2
Added Pin To Net: NetName=NetC1_1 Pin=C4-2
Added Pin To Net: NetName=NetC1_1 Pin=P1-6
Added Pin To Net: NetName=NetC1_1 Pin=P2-5
Added Pin To Net: NetName=NetC1_1 Pin=P3-2
Added Pin To Net: NetName=NetC1_1 Pin=R2-1
Added Net: Name=NetC1_1
Added Pin To Net: NetName=NetC3_2 Pin=C3-2
Added Net: Name=NetC3_2
Added Pin To Net: NetName=NetC5_2 Pin=C5-2
Added Net: Name=NetC5_2
Added Pin To Net: NetName=NetD1     3.3V_1 Pin=D1     3.3V-1
Added Pin To Net: NetName=NetD1     3.3V_1 Pin=P2-4
Added Pin To Net: NetName=NetD1     3.3V_1 Pin=R2-2
Added Net: Name=NetD1     3.3V_1
Added Pin To Net: NetName=NetP1_4 Pin=P1-4
Added Pin To Net: NetName=NetP1_4 Pin=R1-2
Added Net: Name=NetP1_4
Added Pin To Net: NetName=NetP2_3 Pin=P2-3
Added Net: Name=NetP2_3
Added Pin To Net: NetName=NetR1_1 Pin=R1-1
Added Net: Name=NetR1_1
Added Pin To Net: NetName=NetR3_1 Pin=R3-1
Added Net: Name=NetR3_1
Added Pin To Net: NetName=NetR3_2 Pin=R3-2
Added Net: Name=NetR3_2
Added Net: Name=NetU3_VCCB
Added Net: Name=NetU4_A
Added Net: Name=NetU5_A
Added Class: Name=PCB_01
Added Room: Name=PCB_01
