Removed Pin From Net: NetName=NetR3_1 Pin=U3-2
Removed Pin From Net: NetName=GND Pin=U3-3
Removed Pin From Net: NetName=GND Pin=U3-4
Removed Pin From Net: NetName=NetP1_4 Pin=U3-5
Removed Pin From Net: NetName=GND Pin=U4-3
Removed Pin From Net: NetName=GND Pin=U4-4
Removed Pin From Net: NetName=NetR1_1 Pin=U4-5
Removed Pin From Net: NetName=GND Pin=U5-3
Removed Pin From Net: NetName=GND Pin=U5-4
Removed Pin From Net: NetName=NetP2_3 Pin=U5-5
Added Pin To Net: NetName=GND Pin=U3-2
Added Pin To Net: NetName=NetR3_1 Pin=U3-3
Added Pin To Net: NetName=NetP1_4 Pin=U3-4
Added Pin To Net: NetName=GND Pin=U3-5
Added Pin To Net: NetName=GND Pin=U4-2
Added Pin To Net: NetName=NetR1_1 Pin=U4-4
Added Pin To Net: NetName=GND Pin=U4-5
Added Pin To Net: NetName=GND Pin=U5-2
Added Pin To Net: NetName=NetP2_3 Pin=U5-4
Added Pin To Net: NetName=GND Pin=U5-5
Added Pin To Net: NetName=NetC5_2 Pin=U6-2
Added Pin To Net: NetName=NetC5_2 Pin=U6-4
Added Pin To Net: NetName=NetU4_3 Pin=U4-3
Added Net: Name=NetU4_3
Added Pin To Net: NetName=NetU5_3 Pin=U5-3
Added Pin To Net: NetName=NetU5_3 Pin=U6-61
Added Net: Name=NetU5_3
