Removed Pin From Net: NetName=GND Pin=C1-2
Removed Pin From Net: NetName=GND Pin=C2-1
Removed Pin From Net: NetName=NetC1_1 Pin=C2-2
Removed Pin From Net: NetName=GND Pin=C3-1
Removed Pin From Net: NetName=GND Pin=C4-1
Removed Pin From Net: NetName=NetC1_1 Pin=C4-2
Removed Pin From Net: NetName=GND Pin=C5-1
Removed Pin From Net: NetName=GND Pin=D1     3.3V-3
Removed Pin From Net: NetName=GND Pin=P1-1
Removed Pin From Net: NetName=GND Pin=P2-2
Removed Pin From Net: NetName=GND Pin=P2-6
Removed Pin From Net: NetName=NetC1_1 Pin=P3-2
Removed Pin From Net: NetName=NetC1_1 Pin=U7-1
Removed Pin From Net: NetName=GND Pin=U7-3
Removed Pin From Net: NetName=NetC1_1 Pin=U8-1
Removed Member From Class: ClassName=PCB_01 Member=U1
Removed Member From Class: ClassName=PCB_01 Member=U2
Change Component DesignItemId : Designator=U7 Old DesignItemId=AP7313-XXSAG-7 New DesignItemId=Power Regulator
Change Component DesignItemId : Designator=U8 Old DesignItemId=AP7313-XXSAG-7 New DesignItemId=Power Regulator
Change Component DesignItemId : Designator=C2 Old DesignItemId=Cap New DesignItemId=Cap Pol1
Change Component DesignItemId : Designator=C3 Old DesignItemId=Cap New DesignItemId=Cap Pol1
Change Component DesignItemId : Designator=C4 Old DesignItemId=Cap New DesignItemId=Cap Pol1
Change Component DesignItemId : Designator=C5 Old DesignItemId=Cap New DesignItemId=Cap Pol1
Change Component Footprint: Designator=U7 Old Footprint=AP7313-XXSAG-7 New Footprint=LM317LCPK
Change Component Footprint: Designator=U8 Old Footprint=AP7313-XXSAG-7 New Footprint=LM317LCPK
Change Component Footprint: Designator=P1 Old Footprint=HDR1X6H New Footprint=HDR1X6
Change Component Footprint: Designator=P2 Old Footprint=HDR1X6H New Footprint=HDR1X6
Change Component Footprint: Designator=C2 Old Footprint=RAD-0.3 New Footprint=RB7.6-15
Change Component Footprint: Designator=C3 Old Footprint=RAD-0.3 New Footprint=RB7.6-15
Change Component Footprint: Designator=C4 Old Footprint=RAD-0.3 New Footprint=RB7.6-15
Change Component Footprint: Designator=C5 Old Footprint=RAD-0.3 New Footprint=RB7.6-15
Change Component Comment : Designator=P3 Old Comment=5V Battery New Comment=8V Battery
Change Component Comment : Designator=U7 Old Comment=AP7313-10SAG-7 New Comment=Power Regulator
Change Component Comment : Designator=U8 Old Comment=AP7313-33SAG-7 New Comment=Power Regulator
Change Component Comment : Designator=C2 Old Comment=Cap New Comment=Cap Pol1
Change Component Comment : Designator=C3 Old Comment=Cap New Comment=Cap Pol1
Change Component Comment : Designator=C4 Old Comment=Cap New Comment=Cap Pol1
Change Component Comment : Designator=C5 Old Comment=Cap New Comment=Cap Pol1
Change Component Comment : Designator=P2 Old Comment=Header 6 New Comment=GPS
Change Component Comment : Designator=P1 Old Comment=Header 6 New Comment=LiDAR
Change Component Comment : Designator=U3 Old Comment=Level Shifter 1 New Comment=Level Shifter
Change Component Comment : Designator=U4 Old Comment=Level Shifter 2 New Comment=Level Shifter
Change Component Comment : Designator=U5 Old Comment=Level Shifter 3 New Comment=Level Shifter
Added Component: Designator=R4(AXIAL-0.3)
Added Component: Designator=R5(AXIAL-0.3)
Added Component: Designator=R6(AXIAL-0.3)
Added Component: Designator=R7(AXIAL-0.3)
Added Pin To Net: NetName=NetC2_1 Pin=C2-1
Added Pin To Net: NetName=NetC2_1 Pin=C4-1
Added Pin To Net: NetName=NetC2_1 Pin=P3-2
Added Pin To Net: NetName=NetC2_1 Pin=U7-3
Added Pin To Net: NetName=NetC2_1 Pin=U8-3
Added Net: Name=NetC2_1
Added Pin To Net: NetName=NetC2_2 Pin=C2-2
Added Pin To Net: NetName=NetC2_2 Pin=C3-2
Added Pin To Net: NetName=NetC2_2 Pin=R5-2
Added Net: Name=NetC2_2
Added Pin To Net: NetName=NetC3_1 Pin=C3-1
Added Pin To Net: NetName=NetC3_1 Pin=R4-1
Added Pin To Net: NetName=NetC3_1 Pin=U6-2
Added Pin To Net: NetName=NetC3_1 Pin=U6-4
Added Pin To Net: NetName=NetC3_1 Pin=U7-2
Added Net: Name=NetC3_1
Added Pin To Net: NetName=NetC4_2 Pin=C4-2
Added Pin To Net: NetName=NetC4_2 Pin=C5-2
Added Pin To Net: NetName=NetC4_2 Pin=R7-2
Added Net: Name=NetC4_2
Added Pin To Net: NetName=NetC5_1 Pin=C5-1
Added Pin To Net: NetName=NetC5_1 Pin=R6-1
Added Pin To Net: NetName=NetC5_1 Pin=U8-2
Added Net: Name=NetC5_1
Added Pin To Net: NetName=NetR4_2 Pin=R4-2
Added Pin To Net: NetName=NetR4_2 Pin=R5-1
Added Pin To Net: NetName=NetR4_2 Pin=U7-1
Added Net: Name=NetR4_2
Added Pin To Net: NetName=NetR6_2 Pin=R6-2
Added Pin To Net: NetName=NetR6_2 Pin=R7-1
Added Pin To Net: NetName=NetR6_2 Pin=U8-1
Added Net: Name=NetR6_2
Added Member To Class: ClassName=PCB_01 Member=Component R4 Res1
Added Member To Class: ClassName=PCB_01 Member=Component R5 Res1
Added Member To Class: ClassName=PCB_01 Member=Component R6 Res1
Added Member To Class: ClassName=PCB_01 Member=Component R7 Res1
Added Room: Name=PCB_01
