Change Component Designator: OldDesignator=D1 3V3 NewDesignator=D1     3.3V
Added Pin To Net: NetName=GND Pin=C6-1
Added Pin To Net: NetName=GND Pin=C7-1
Added Pin To Net: NetName=GND Pin=C8-1
Added Pin To Net: NetName=GND Pin=CN1-6
Added Pin To Net: NetName=GND Pin=CN1-10
Added Pin To Net: NetName=GND Pin=CN1-11
Added Pin To Net: NetName=GND Pin=CN1-12
Added Pin To Net: NetName=GND Pin=CN1-13
Added Pin To Net: NetName=GND Pin=P3-1
Added Pin To Net: NetName=GND Pin=U1-C2
Added Pin To Net: NetName=GND Pin=U1-C3
Added Pin To Net: NetName=GND Pin=U3-2
Added Pin To Net: NetName=GND Pin=U3-5
Added Pin To Net: NetName=GND Pin=U4-2
Added Pin To Net: NetName=GND Pin=U4-5
Added Pin To Net: NetName=GND Pin=U5-2
Added Pin To Net: NetName=GND Pin=U5-5
Added Pin To Net: NetName=GND Pin=U6-1
Added Pin To Net: NetName=GND Pin=U6-5
Added Pin To Net: NetName=GND Pin=U6-9
Added Pin To Net: NetName=GND Pin=U6-11
Added Pin To Net: NetName=GND Pin=U6-13
Added Pin To Net: NetName=GND Pin=U6-15
Added Net: Name=GND
Added Pin To Net: NetName=NetC1_1 Pin=C1-1
Added Pin To Net: NetName=NetC1_1 Pin=C5-1
Added Pin To Net: NetName=NetC1_1 Pin=P1-6
Added Pin To Net: NetName=NetC1_1 Pin=P2-5
Added Pin To Net: NetName=NetC1_1 Pin=R2-1
Added Pin To Net: NetName=NetC1_1 Pin=R6-1
Added Pin To Net: NetName=NetC1_1 Pin=U8-2
Added Net: Name=NetC1_1
Added Pin To Net: NetName=NetC2_1 Pin=C2-1
Added Pin To Net: NetName=NetC2_1 Pin=C4-1
Added Pin To Net: NetName=NetC2_1 Pin=P3-2
Added Pin To Net: NetName=NetC2_1 Pin=U7-3
Added Pin To Net: NetName=NetC2_1 Pin=U8-3
Added Net: Name=NetC2_1
Added Pin To Net: NetName=NetC2_2 Pin=C2-2
Added Pin To Net: NetName=NetC2_2 Pin=C3-2
Added Pin To Net: NetName=NetC2_2 Pin=R5-2
Added Net: Name=NetC2_2
Added Pin To Net: NetName=NetC3_1 Pin=C3-1
Added Pin To Net: NetName=NetC3_1 Pin=C7-2
Added Pin To Net: NetName=NetC3_1 Pin=R4-1
Added Pin To Net: NetName=NetC3_1 Pin=R10-1
Added Pin To Net: NetName=NetC3_1 Pin=U1-B2
Added Pin To Net: NetName=NetC3_1 Pin=U7-2
Added Net: Name=NetC3_1
Added Pin To Net: NetName=NetC4_2 Pin=C4-2
Added Pin To Net: NetName=NetC4_2 Pin=C5-2
Added Pin To Net: NetName=NetC4_2 Pin=R7-2
Added Net: Name=NetC4_2
Added Pin To Net: NetName=NetC6_2 Pin=C6-2
Added Pin To Net: NetName=NetC6_2 Pin=R3-2
Added Pin To Net: NetName=NetC6_2 Pin=R8-2
Added Pin To Net: NetName=NetC6_2 Pin=R9-2
Added Pin To Net: NetName=NetC6_2 Pin=R12-2
Added Pin To Net: NetName=NetC6_2 Pin=U1-A2
Added Pin To Net: NetName=NetC6_2 Pin=U3-1
Added Pin To Net: NetName=NetC6_2 Pin=U4-1
Added Pin To Net: NetName=NetC6_2 Pin=U5-1
Added Net: Name=NetC6_2
Added Pin To Net: NetName=NetC8_2 Pin=C8-2
Added Pin To Net: NetName=NetC8_2 Pin=CN1-4
Added Pin To Net: NetName=NetC8_2 Pin=U1-B3
Added Net: Name=NetC8_2
Added Pin To Net: NetName=NetCN1_1 Pin=CN1-1
Added Pin To Net: NetName=NetCN1_1 Pin=U1-A4
Added Net: Name=NetCN1_1
Added Pin To Net: NetName=NetCN1_2 Pin=CN1-2
Added Pin To Net: NetName=NetCN1_2 Pin=U1-B4
Added Net: Name=NetCN1_2
Added Pin To Net: NetName=NetCN1_3 Pin=CN1-3
Added Pin To Net: NetName=NetCN1_3 Pin=U1-C4
Added Net: Name=NetCN1_3
Added Pin To Net: NetName=NetCN1_5 Pin=CN1-5
Added Pin To Net: NetName=NetCN1_5 Pin=U1-D3
Added Net: Name=NetCN1_5
Added Pin To Net: NetName=NetCN1_7 Pin=CN1-7
Added Pin To Net: NetName=NetCN1_7 Pin=U1-D4
Added Net: Name=NetCN1_7
Added Pin To Net: NetName=NetCN1_8 Pin=CN1-8
Added Pin To Net: NetName=NetCN1_8 Pin=U1-E4
Added Net: Name=NetCN1_8
Added Pin To Net: NetName=NetCN1_9 Pin=CN1-9
Added Pin To Net: NetName=NetCN1_9 Pin=R8-1
Added Pin To Net: NetName=NetCN1_9 Pin=U1-A3
Added Pin To Net: NetName=NetCN1_9 Pin=U6-60
Added Net: Name=NetCN1_9
Added Pin To Net: NetName=NetD1     3.3V_1 Pin=D1     3.3V-1
Added Pin To Net: NetName=NetD1     3.3V_1 Pin=P2-4
Added Pin To Net: NetName=NetD1     3.3V_1 Pin=R2-2
Added Net: Name=NetD1     3.3V_1
Added Pin To Net: NetName=NetP1_2 Pin=P1-2
Added Pin To Net: NetName=NetP1_2 Pin=U6-43
Added Net: Name=NetP1_2
Added Pin To Net: NetName=NetP1_3 Pin=P1-3
Added Pin To Net: NetName=NetP1_3 Pin=U6-45
Added Net: Name=NetP1_3
Added Pin To Net: NetName=NetP1_4 Pin=P1-4
Added Pin To Net: NetName=NetP1_4 Pin=R1-2
Added Pin To Net: NetName=NetP1_4 Pin=U3-4
Added Net: Name=NetP1_4
Added Pin To Net: NetName=NetP2_3 Pin=P2-3
Added Pin To Net: NetName=NetP2_3 Pin=U5-4
Added Net: Name=NetP2_3
Added Pin To Net: NetName=NetR1_1 Pin=R1-1
Added Pin To Net: NetName=NetR1_1 Pin=U4-4
Added Net: Name=NetR1_1
Added Pin To Net: NetName=NetR3_1 Pin=R3-1
Added Pin To Net: NetName=NetR3_1 Pin=U3-3
Added Pin To Net: NetName=NetR3_1 Pin=U6-35
Added Net: Name=NetR3_1
Added Pin To Net: NetName=NetR4_2 Pin=R4-2
Added Pin To Net: NetName=NetR4_2 Pin=R5-1
Added Pin To Net: NetName=NetR4_2 Pin=U7-1
Added Net: Name=NetR4_2
Added Pin To Net: NetName=NetR6_2 Pin=R6-2
Added Pin To Net: NetName=NetR6_2 Pin=R7-1
Added Pin To Net: NetName=NetR6_2 Pin=U8-1
Added Net: Name=NetR6_2
Added Pin To Net: NetName=NetR9_1 Pin=R9-1
Added Pin To Net: NetName=NetR9_1 Pin=U1-E3
Added Net: Name=NetR9_1
Added Pin To Net: NetName=NetR10_2 Pin=R10-2
Added Pin To Net: NetName=NetR10_2 Pin=U6-2
Added Pin To Net: NetName=NetR10_2 Pin=U6-4
Added Pin To Net: NetName=NetR10_2 Pin=U6-6
Added Pin To Net: NetName=NetR10_2 Pin=U6-14
Added Net: Name=NetR10_2
Added Pin To Net: NetName=NetR11_1 Pin=R11-1
Added Pin To Net: NetName=NetR11_1 Pin=U6-10
Added Net: Name=NetR11_1
Added Pin To Net: NetName=NetR12_1 Pin=R12-1
Added Pin To Net: NetName=NetR12_1 Pin=U6-12
Added Net: Name=NetR12_1
Added Pin To Net: NetName=NetU1_A1 Pin=U1-A1
Added Pin To Net: NetName=NetU1_A1 Pin=U6-64
Added Net: Name=NetU1_A1
Added Pin To Net: NetName=NetU1_B1 Pin=U1-B1
Added Pin To Net: NetName=NetU1_B1 Pin=U6-68
Added Net: Name=NetU1_B1
Added Pin To Net: NetName=NetU1_C1 Pin=U1-C1
Added Pin To Net: NetName=NetU1_C1 Pin=U6-62
Added Net: Name=NetU1_C1
Added Pin To Net: NetName=NetU1_D1 Pin=U1-D1
Added Pin To Net: NetName=NetU1_D1 Pin=U6-66
Added Net: Name=NetU1_D1
Added Pin To Net: NetName=NetU1_D2 Pin=U1-D2
Added Pin To Net: NetName=NetU1_D2 Pin=U6-58
Added Net: Name=NetU1_D2
Added Pin To Net: NetName=NetU1_E1 Pin=U1-E1
Added Pin To Net: NetName=NetU1_E1 Pin=U6-70
Added Net: Name=NetU1_E1
Added Pin To Net: NetName=NetU1_E2 Pin=U1-E2
Added Pin To Net: NetName=NetU1_E2 Pin=U6-44
Added Net: Name=NetU1_E2
Added Pin To Net: NetName=NetU3_6 Pin=U3-6
Added Pin To Net: NetName=NetU3_6 Pin=U4-6
Added Pin To Net: NetName=NetU3_6 Pin=U5-6
Added Net: Name=NetU3_6
Added Pin To Net: NetName=NetU4_3 Pin=U4-3
Added Pin To Net: NetName=NetU4_3 Pin=U6-63
Added Net: Name=NetU4_3
Added Pin To Net: NetName=NetU5_3 Pin=U5-3
Added Pin To Net: NetName=NetU5_3 Pin=U6-61
Added Net: Name=NetU5_3
Added Class: Name=PCB_01
Change Room Name: Old Name=BGA New Name=PCB_01
Change Room Scope: Old Scope=InComponentClass('Room Definition 1') New Scope=InComponentClass('PCB_01')
