Removed Pin From Net: NetName=GND Pin=C1-2
Removed Pin From Net: NetName=GND Pin=D1 3.3V-3
Removed Pin From Net: NetName=GND Pin=P1-1
Removed Pin From Net: NetName=GND Pin=P2-2
Removed Pin From Net: NetName=GND Pin=P2-6
Removed Pin From Net: NetName=NetU3_6 Pin=R11-2
Change Component Designator: OldDesignator=D1 3.3V NewDesignator=D1     3.3V
Change Net Name : Old Net Name=NetR5_2 New Net Name=NetC2_2
Change Net Name : Old Net Name=NetR12_2 New Net Name=NetC6_2
Change Net Name : Old Net Name=NetU7_2 New Net Name=NetC3_1
Change Net Name : Old Net Name=NetU7_3 New Net Name=NetC1_1
Added Member To Class: ClassName=PCB_01_02 Member=Component C1 Cap Pol1
Added Member To Class: ClassName=PCB_01_02 Member=Component C2 Cap Pol1
Added Member To Class: ClassName=PCB_01_02 Member=Component C3 Cap Pol1
Added Member To Class: ClassName=PCB_01_02 Member=Component C6 Cap
Added Member To Class: ClassName=PCB_01_02 Member=Component D1     3.3V 1N5257B
Added Member To Class: ClassName=PCB_01_02 Member=Component P1 LiDAR
Added Member To Class: ClassName=PCB_01_02 Member=Component P2 GPS
Added Member To Class: ClassName=PCB_01_02 Member=Component P3 4.8V Battery
Added Member To Class: ClassName=PCB_01_02 Member=Component R1 Res1
Added Member To Class: ClassName=PCB_01_02 Member=Component R2 Res1
Added Member To Class: ClassName=PCB_01_02 Member=Component R3 Res1
Added Member To Class: ClassName=PCB_01_02 Member=Component R4 Res1
Added Member To Class: ClassName=PCB_01_02 Member=Component R5 Res1
Added Member To Class: ClassName=PCB_01_02 Member=Component R8 Res1
Added Member To Class: ClassName=PCB_01_02 Member=Component R9 Res1
Added Member To Class: ClassName=PCB_01_02 Member=Component R10 Res1
Added Member To Class: ClassName=PCB_01_02 Member=Component R11 Res1
Added Member To Class: ClassName=PCB_01_02 Member=Component R12 Res1
Added Member To Class: ClassName=PCB_01_02 Member=Component U3 Level Shifter
Added Member To Class: ClassName=PCB_01_02 Member=Component U4 Level Shifter
Added Member To Class: ClassName=PCB_01_02 Member=Component U5 Level Shifter
Added Member To Class: ClassName=PCB_01_02 Member=Component U6 DF40(3)_70Pin
Added Member To Class: ClassName=PCB_01_02 Member=Component U7 RT9164A-33G
Added Room: Name=PCB_01_02
